<?xml version="1.0" encoding="UTF-8"?>
<testsuite xmlns:xsi="http://www.w3.org/2001/XMLSchema-instance" xsi:noNamespaceSchemaLocation="https://maven.apache.org/surefire/maven-surefire-plugin/xsd/surefire-test-report-3.0.xsd" version="3.0" name="com.jonny.configurationserver.ConfigurationServerApplicationTests" time="9.221" tests="1" errors="0" skipped="0" failures="0">
  <properties>
[...]
</properties>
  <testcase name="contextLoads" classname="com.jonny.configurationserver.ConfigurationServerApplicationTests" time="0.77">
    <system-out><![CDATA[17:49:35.005 [main] INFO org.springframework.test.context.support.AnnotationConfigContextLoaderUtils -- Could not detect default configuration classes for test class [com.jonny.configurationserver.ConfigurationServerApplicationTests]: ConfigurationServerApplicationTests does not declare any static, non-private, non-final, nested classes annotated with @Configuration.
17:49:35.165 [main] INFO org.springframework.boot.test.context.SpringBootTestContextBootstrapper -- Found @SpringBootConfiguration com.jonny.configurationserver.ConfigurationServerApplication for test class com.jonny.configurationserver.ConfigurationServerApplicationTests

  .   ____          _            __ _ _
 /\\ / ___'_ __ _ _(_)_ __  __ _ \ \ \ \
( ( )\___ | '_ | '_| | '_ \/ _` | \ \ \ \
 \\/  ___)| |_)| | | | | || (_| |  ) ) ) )
  '  |____| .__|_| |_|_| |_\__, | / / / /
 =========|_|==============|___/=/_/_/_/
 :: Spring Boot ::                (v3.1.5)

2023-11-06T17:49:35.767+01:00  INFO 56727 --- [           main] .j.c.ConfigurationServerApplicationTests : Starting ConfigurationServerApplicationTests using Java 17.0.8.1 with PID 56727 (started by jonasw in /Users/jonasw/localdocs/microservices-course/my-microservices/configuration-server)
2023-11-06T17:49:35.768+01:00  INFO 56727 --- [           main] .j.c.ConfigurationServerApplicationTests : No active profile set, falling back to 1 default profile: "default"
2023-11-06T17:49:37.047+01:00  INFO 56727 --- [           main] o.s.cloud.context.scope.GenericScope     : BeanFactory id=78fff133-daf2-345e-88c5-f80ee0c8028d
2023-11-06T17:49:43.052+01:00  INFO 56727 --- [           main] o.s.b.a.e.web.EndpointLinksResolver      : Exposing 1 endpoint(s) beneath base path '/actuator'
2023-11-06T17:49:43.114+01:00  INFO 56727 --- [           main] .j.c.ConfigurationServerApplicationTests : Started ConfigurationServerApplicationTests in 7.739 seconds (process running for 9.085)
]]></system-out>
  </testcase>
</testsuite>