<?xml version="1.0" encoding="UTF-8"?>
<testsuite xmlns:xsi="http://www.w3.org/2001/XMLSchema-instance" xsi:noNamespaceSchemaLocation="https://maven.apache.org/surefire/maven-surefire-plugin/xsd/surefire-test-report-3.0.xsd" version="3.0" name="com.jonny.productservice.ProductServiceApplicationTests" time="8.671" tests="2" errors="0" skipped="0" failures="0">
  <properties>
[...]
</properties>
  <testcase name="shouldCreateProduct" classname="com.jonny.productservice.ProductServiceApplicationTests" time="0.965">
    <system-out><![CDATA[17:49:08.486 [main] INFO org.springframework.test.context.support.AnnotationConfigContextLoaderUtils -- Could not detect default configuration classes for test class [com.jonny.productservice.ProductServiceApplicationTests]: ProductServiceApplicationTests does not declare any static, non-private, non-final, nested classes annotated with @Configuration.
17:49:08.597 [main] INFO org.springframework.boot.test.context.SpringBootTestContextBootstrapper -- Found @SpringBootConfiguration com.jonny.productservice.ProductServiceApplication for test class com.jonny.productservice.ProductServiceApplicationTests
17:49:08.739 [main] INFO org.testcontainers.images.PullPolicy -- Image pull policy will be performed by: DefaultPullPolicy()
17:49:08.741 [main] INFO org.testcontainers.utility.ImageNameSubstitutor -- Image name substitution will be performed by: DefaultImageNameSubstitutor (composite of 'ConfigurationFileImageNameSubstitutor' and 'PrefixingImageNameSubstitutor')
17:49:08.995 [main] INFO org.testcontainers.dockerclient.DockerClientProviderStrategy -- Loaded org.testcontainers.dockerclient.UnixSocketClientProviderStrategy from ~/.testcontainers.properties, will try it first
17:49:09.254 [main] INFO org.testcontainers.dockerclient.DockerClientProviderStrategy -- Found Docker environment with local Unix socket (unix:///var/run/docker.sock)
17:49:09.255 [main] INFO org.testcontainers.DockerClientFactory -- Docker host IP address is localhost
17:49:09.284 [main] INFO org.testcontainers.DockerClientFactory -- Connected to docker: 
  Server Version: 20.10.17
  API Version: 1.41
  Operating System: Docker Desktop
  Total Memory: 7851 MB
17:49:09.315 [main] INFO tc.testcontainers/ryuk:0.5.1 -- Creating container for image: testcontainers/ryuk:0.5.1
17:49:09.546 [main] INFO tc.testcontainers/ryuk:0.5.1 -- Container testcontainers/ryuk:0.5.1 is starting: 6c1b475f26b9b9a0b9801e9304eb84f6db0e83a6e0f9a4ebc22321d289dd52b4
17:49:10.202 [main] INFO tc.testcontainers/ryuk:0.5.1 -- Container testcontainers/ryuk:0.5.1 started in PT0.887124S
17:49:10.218 [main] INFO org.testcontainers.utility.RyukResourceReaper -- Ryuk started - will monitor and terminate Testcontainers containers on JVM exit
17:49:10.219 [main] INFO org.testcontainers.DockerClientFactory -- Checking the system...
17:49:10.219 [main] INFO org.testcontainers.DockerClientFactory -- ?? Docker server version should be at least 1.6.0
17:49:10.220 [main] INFO tc.mongo:latest -- Creating container for image: mongo:latest
17:49:10.289 [main] INFO tc.mongo:latest -- Container mongo:latest is starting: 1ccc6af04ebd1e90ad9e8621a1301d5d2d8729070c7f25b74fd3ea890286e496
17:49:12.078 [main] INFO tc.mongo:latest -- Container mongo:latest started in PT1.858191S

  .   ____          _            __ _ _
 /\\ / ___'_ __ _ _(_)_ __  __ _ \ \ \ \
( ( )\___ | '_ | '_| | '_ \/ _` | \ \ \ \
 \\/  ___)| |_)| | | | | || (_| |  ) ) ) )
  '  |____| .__|_| |_|_| |_\__, | / / / /
 =========|_|==============|___/=/_/_/_/
 :: Spring Boot ::                (v3.1.5)

2023-11-06T17:49:13.895+01:00  INFO 56001 --- [           main] c.j.p.ProductServiceApplicationTests     : Starting ProductServiceApplicationTests using Java 17.0.8.1 with PID 56001 (started by jonasw in /Users/jonasw/localdocs/microservices-course/my-microservices/product-service)
2023-11-06T17:49:13.896+01:00  INFO 56001 --- [           main] c.j.p.ProductServiceApplicationTests     : No active profile set, falling back to 1 default profile: "default"
2023-11-06T17:49:14.429+01:00  INFO 56001 --- [           main] .s.d.r.c.RepositoryConfigurationDelegate : Bootstrapping Spring Data MongoDB repositories in DEFAULT mode.
2023-11-06T17:49:14.472+01:00  INFO 56001 --- [           main] .s.d.r.c.RepositoryConfigurationDelegate : Finished Spring Data repository scanning in 39 ms. Found 1 MongoDB repository interfaces.
2023-11-06T17:49:14.780+01:00  INFO 56001 --- [           main] org.mongodb.driver.client                : MongoClient with metadata {"driver": {"name": "mongo-java-driver|sync|spring-boot", "version": "4.9.1"}, "os": {"type": "Darwin", "name": "Mac OS X", "architecture": "aarch64", "version": "12.0.1"}, "platform": "Java/Homebrew/17.0.8.1+0"} created with settings MongoClientSettings{readPreference=primary, writeConcern=WriteConcern{w=null, wTimeout=null ms, journal=null}, retryWrites=true, retryReads=true, readConcern=ReadConcern{level=null}, credential=null, streamFactoryFactory=null, commandListeners=[], codecRegistry=ProvidersCodecRegistry{codecProviders=[ValueCodecProvider{}, BsonValueCodecProvider{}, DBRefCodecProvider{}, DBObjectCodecProvider{}, DocumentCodecProvider{}, CollectionCodecProvider{}, IterableCodecProvider{}, MapCodecProvider{}, GeoJsonCodecProvider{}, GridFSFileCodecProvider{}, Jsr310CodecProvider{}, JsonObjectCodecProvider{}, BsonCodecProvider{}, EnumCodecProvider{}, com.mongodb.client.model.mql.ExpressionCodecProvider@4a1dda83, com.mongodb.Jep395RecordCodecProvider@7f2b39a]}, loggerSettings=LoggerSettings{maxDocumentLength=1000}, clusterSettings={hosts=[localhost:60783], srvServiceName=mongodb, mode=SINGLE, requiredClusterType=UNKNOWN, requiredReplicaSetName='null', serverSelector='null', clusterListeners='[]', serverSelectionTimeout='30000 ms', localThreshold='30000 ms'}, socketSettings=SocketSettings{connectTimeoutMS=10000, readTimeoutMS=0, receiveBufferSize=0, sendBufferSize=0}, heartbeatSocketSettings=SocketSettings{connectTimeoutMS=10000, readTimeoutMS=10000, receiveBufferSize=0, sendBufferSize=0}, connectionPoolSettings=ConnectionPoolSettings{maxSize=100, minSize=0, maxWaitTimeMS=120000, maxConnectionLifeTimeMS=0, maxConnectionIdleTimeMS=0, maintenanceInitialDelayMS=0, maintenanceFrequencyMS=60000, connectionPoolListeners=[], maxConnecting=2}, serverSettings=ServerSettings{heartbeatFrequencyMS=10000, minHeartbeatFrequencyMS=500, serverListeners='[]', serverMonitorListeners='[]'}, sslSettings=SslSettings{enabled=false, invalidHostNameAllowed=false, context=null}, applicationName='null', compressorList=[], uuidRepresentation=JAVA_LEGACY, serverApi=null, autoEncryptionSettings=null, contextProvider=null}
2023-11-06T17:49:14.811+01:00  INFO 56001 --- [localhost:60783] org.mongodb.driver.cluster               : Monitor thread successfully connected to server with description ServerDescription{address=localhost:60783, type=REPLICA_SET_PRIMARY, state=CONNECTED, ok=true, minWireVersion=0, maxWireVersion=21, maxDocumentSize=16777216, logicalSessionTimeoutMinutes=30, roundTripTimeNanos=26099375, setName='docker-rs', canonicalAddress=1ccc6af04ebd:27017, hosts=[1ccc6af04ebd:27017], passives=[], arbiters=[], primary='1ccc6af04ebd:27017', tagSet=TagSet{[]}, electionId=7fffffff0000000000000001, setVersion=1, topologyVersion=TopologyVersion{processId=65491906e9890e8a38aee09c, counter=6}, lastWriteDate=Mon Nov 06 17:49:13 CET 2023, lastUpdateTimeNanos=141008284776041}
2023-11-06T17:49:15.660+01:00  INFO 56001 --- [           main] o.s.b.t.m.w.SpringBootMockServletContext : Initializing Spring TestDispatcherServlet ''
2023-11-06T17:49:15.661+01:00  INFO 56001 --- [           main] o.s.t.web.servlet.TestDispatcherServlet  : Initializing Servlet ''
2023-11-06T17:49:15.665+01:00  INFO 56001 --- [           main] o.s.t.web.servlet.TestDispatcherServlet  : Completed initialization in 2 ms
2023-11-06T17:49:15.690+01:00  INFO 56001 --- [           main] c.j.p.ProductServiceApplicationTests     : Started ProductServiceApplicationTests in 1.964 seconds (process running for 7.945)
2023-11-06T17:49:16.641+01:00  INFO 56001 --- [           main] c.j.p.service.ProductService             : Product 6549190c07f02f0042b913c7 saved.
]]></system-out>
  </testcase>
  <testcase name="shouldReturnOneProduct" classname="com.jonny.productservice.ProductServiceApplicationTests" time="0.024"/>
</testsuite>